<?xml version="1.0" encoding="utf-8"?><testsuites><testsuite errors="0" failures="0" hostname="Dors-MacBook-Pro.local" name="pytest" skipped="0" tests="4" time="122.018" timestamp="2019-12-22T08:38:38.801275"><testcase classname="tests.test_imdb_home" file="tests/test_imdb_home.py" line="11" name="test_click_first_button" time="62.934"></testcase><testcase classname="tests.test_movie_page" file="tests/test_movie_page.py" line="9" name="test_movie_title" time="58.055"></testcase><testcase classname="tests.test_one" file="tests/test_one.py" line="1" name="test_file1_method1" time="0.001"></testcase><testcase classname="tests.test_one" file="tests/test_one.py" line="8" name="test_file1_method2" time="0.002"></testcase></testsuite></testsuites>